This is pdfTeX, Version 3.14159265-2.6-1.40.18 (MiKTeX 2.9.6500 64-bit) (preloaded format=pdflatex 2017.12.15)  13 MAR 2019 16:18
entering extended mode
**./tex2pdf.1952/input.tex
(tex2pdf.1952/input.tex
LaTeX2e <2017-04-15>
Babel <3.15> and hyphenation patterns for 75 language(s) loaded.
("C:\Program Files\MiKTeX 2.9\tex\latex\beamer\beamer.cls"
Document Class: beamer 2018/12/02 v3.55 A class for typesetting presentations

! LaTeX Error: File `beamerbasemodes.sty' not found.

Type X to quit or <RETURN> to proceed,
or enter new name. (Default extension: sty)

Enter file name: 
! Emergency stop.
<read *> 
         
l.20 
       
Here is how much of TeX's memory you used:
 22 strings out of 493312
 735 string characters out of 3138895
 53761 words of memory out of 3000000
 3663 multiletter control sequences out of 15000+200000
 3640 words of font info for 14 fonts, out of 3000000 for 9000
 1141 hyphenation exceptions out of 8191
 17i,0n,9p,129b,8s stack positions out of 5000i,500n,10000p,200000b,50000s

!  ==> Fatal error occurred, no output PDF file produced!
